Arguments: 
  /usr/local/bin/node /usr/local/bin/yarn install

PATH: 
  .:/usr/local/bin:/usr/bin:/bin:/usr/sbin:/sbin:.:/Library/Internet Plug-Ins/JavaAppletPlugin.plugin/Contents/Home/bin:/Library/Internet Plug-Ins/JavaAppletPlugin.plugin/Contents/Home/bin

Yarn version: 
  0.16.1

Node version: 
  7.6.0

Platform: 
  darwin x64

npm manifest: 
  {
    "name": "vue-ssr-typescript",
    "description": "A Vue.js project",
    "version": "1.0.0",
    "main": "index.js",
    "repository": {
      "url": "https://github.com/linzebin/vue-ssr-typescript.git",
      "type": "git"
    },
    "author": "linzebin <443189390@qq.com>",
    "license": "MIT",
    "scripts": {
      "dev": "node server",
      "start": "cross-env NODE_ENV=production node server",
      "build": "rimraf dist && npm run build:client && npm run build:server",
      "build:client": "cross-env NODE_ENV=production webpack --config build/webpack.client.config.js --progress --hide-modules",
      "build:server": "cross-env NODE_ENV=production webpack --config build/webpack.server.config.js --progress --hide-modules"
    },
    "engines": {
      "node": ">=7.0",
      "npm": ">=4.0"
    },
    "dependencies": {
      "compression": "^1.6.2",
      "cross-env": "^3.2.4",
      "es6-promise": "^4.1.0",
      "express": "^4.15.2",
      "firebase": "^3.7.2",
      "lru-cache": "^4.0.2",
      "serve-favicon": "^2.4.1",
      "vue-router": "^2.3.0",
      "vue-server-renderer": "^2.2.6",
      "vue-style-loader": "^2.0.4",
      "vuex": "^2.2.1",
      "vuex-router-sync": "^4.1.2",
      "webpack-merge": "^4.0.0"
    },
    "devDependencies": {
      "@types/vue-router": "^2.0.0",
      "autoprefixer": "^6.7.7",
      "css-loader": "^0.27.3",
      "file-loader": "^0.10.1",
      "friendly-errors-webpack-plugin": "^1.6.1",
      "html-webpack-plugin": "^2.28.0",
      "rimraf": "^2.6.1",
      "stylus": "^0.54.5",
      "stylus-loader": "^3.0.1",
      "sw-precache-webpack-plugin": "^0.9.1",
      "ts-loader": "^2.0.3",
      "typescript": "^2.2.2",
      "url-loader": "^0.5.8",
      "vue": "^2.2.6",
      "vue-class-component": "^5.0.1",
      "vue-loader": "^11.1.4",
      "vue-ssr-webpack-plugin": "^1.0.2",
      "vue-template-compiler": "^2.2.6",
      "webpack": "^2.2.1",
      "webpack-dev-middleware": "^1.10.1",
      "webpack-hot-middleware": "^2.17.1"
    },
  }

yarn manifest: 
  No manifest

bower manifest: 
  No manifest

Lockfile: 
  No lockfile

Trace: 
  SyntaxError: /Users/linzebin/dev/js/vue-ssr-typescript/package.json: Unexpected token } in JSON at position 1899
      at JSON.parse (<anonymous>)
      at /usr/local/lib/node_modules/yarn/lib/util/fs.js:271:57
      at Generator.next (<anonymous>)
      at step (/usr/local/lib/node_modules/yarn/node_modules/babel-runtime/helpers/asyncToGenerator.js:17:30)
      at /usr/local/lib/node_modules/yarn/node_modules/babel-runtime/helpers/asyncToGenerator.js:28:13
